  test.cpp
D:\BiTeStudy\Cpp_Study\string1\test.cpp(429,12): error C4430: 缺少类型说明符 - 假定为 int。注意: C++ 不支持默认 int
D:\BiTeStudy\Cpp_Study\string1\test.cpp(429,8): error C2146: 语法错误: 缺少“;”(在标识符“main”的前面)
D:\BiTeStudy\Cpp_Study\string1\test.cpp(431,1): error C2143: 语法错误: 缺少“;”(在“{”的前面)
D:\BiTeStudy\Cpp_Study\string1\test.cpp(431,1): error C2447: “{”: 缺少函数标题(是否是老式的形式表?)
